[1206/145631.682:ERROR:backend_impl.cc(1041)] Critical error found -8
[1206/145631.683:ERROR:entry_impl.cc(1075)] No file for c10305fe
[1206/145631.683:WARNING:storage_block-inl.h(146)] Failed data load.
[1206/145631.683:WARNING:storage_block-inl.h(146)] Failed data load.
[1206/145631.683:WARNING:storage_block-inl.h(146)] Failed data load.
[1206/145631.683:WARNING:storage_block-inl.h(146)] Failed data load.
[1206/145631.683:ERROR:entry_impl.cc(1075)] No file for c10305f8
[1206/145631.683:WARNING:storage_block-inl.h(146)] Failed data load.
[1206/145631.683:WARNING:storage_block-inl.h(146)] Failed data load.
[1206/145631.683:WARNING:storage_block-inl.h(146)] Failed data load.
[1206/145631.683:WARNING:storage_block-inl.h(146)] Failed data load.
[1206/145631.683:ERROR:entry_impl.cc(1075)] No file for c10305fa
[1206/145631.683:WARNING:storage_block-inl.h(146)] Failed data load.
[1206/145631.683:WARNING:storage_block-inl.h(146)] Failed data load.
[1206/145631.683:WARNING:storage_block-inl.h(146)] Failed data load.
[1206/145631.683:WARNING:storage_block-inl.h(146)] Failed data load.
[1206/145631.683:ERROR:entry_impl.cc(1075)] No file for c1030604
[1206/145631.684:WARNING:storage_block-inl.h(146)] Failed data load.
[1206/145631.684:WARNING:storage_block-inl.h(146)] Failed data load.
[1206/145631.684:WARNING:storage_block-inl.h(146)] Failed data load.
[1206/145631.684:WARNING:storage_block-inl.h(146)] Failed data load.
[1206/145639.888:WARNING:value_store_frontend.cc(45)] Reading mhjfbmdgcfjbbpaeojofohoefgiehjai.alarms from  failed: IO error: .../MANIFEST-000001: Unable to create sequential file (ChromeMethodBFE: 7::NewSequentialFile::1)
[1206/145830.662:ERROR:gpu_init.cc(426)] Passthrough is not supported, GL is disabled
